2026-03-03 15:29:45,443 | INFO | Device: cpu
2026-03-03 15:29:45,443 | INFO | Loading IMDB dataset ...
2026-03-03 15:29:46,988 | INFO | HTTP Request: HEAD https://huggingface.co/datasets/imdb/resolve/main/README.md "HTTP/1.1 307 Temporary Redirect"
2026-03-03 15:29:47,243 | INFO | HTTP Request: HEAD https://huggingface.co/datasets/stanfordnlp/imdb/resolve/main/README.md "HTTP/1.1 307 Temporary Redirect"
2026-03-03 15:29:47,293 | INFO | HTTP Request: HEAD https://huggingface.co/api/resolve-cache/datasets/stanfordnlp/imdb/e6281661ce1c48d982bc483cf8a173c1bbeb5d31/README.md "HTTP/1.1 200 OK"
2026-03-03 15:29:47,363 | INFO | HTTP Request: GET https://huggingface.co/api/resolve-cache/datasets/stanfordnlp/imdb/e6281661ce1c48d982bc483cf8a173c1bbeb5d31/README.md "HTTP/1.1 200 OK"
2026-03-03 15:29:47,642 | INFO | HTTP Request: HEAD https://huggingface.co/datasets/imdb/resolve/e6281661ce1c48d982bc483cf8a173c1bbeb5d31/imdb.py "HTTP/1.1 307 Temporary Redirect"
2026-03-03 15:29:47,893 | INFO | HTTP Request: HEAD https://huggingface.co/datasets/stanfordnlp/imdb/resolve/e6281661ce1c48d982bc483cf8a173c1bbeb5d31/imdb.py "HTTP/1.1 404 Not Found"
2026-03-03 15:29:48,660 | INFO | HTTP Request: HEAD https://s3.amazonaws.com/datasets.huggingface.co/datasets/datasets/imdb/imdb.py "HTTP/1.1 200 OK"
2026-03-03 15:29:48,960 | INFO | HTTP Request: GET https://huggingface.co/api/datasets/imdb/revision/e6281661ce1c48d982bc483cf8a173c1bbeb5d31 "HTTP/1.1 307 Temporary Redirect"
2026-03-03 15:29:49,210 | INFO | HTTP Request: GET https://huggingface.co/api/datasets/stanfordnlp/imdb/revision/e6281661ce1c48d982bc483cf8a173c1bbeb5d31 "HTTP/1.1 200 OK"
2026-03-03 15:29:49,476 | INFO | HTTP Request: HEAD https://huggingface.co/datasets/imdb/resolve/e6281661ce1c48d982bc483cf8a173c1bbeb5d31/.huggingface.yaml "HTTP/1.1 307 Temporary Redirect"
2026-03-03 15:29:49,743 | INFO | HTTP Request: HEAD https://huggingface.co/datasets/stanfordnlp/imdb/resolve/e6281661ce1c48d982bc483cf8a173c1bbeb5d31/.huggingface.yaml "HTTP/1.1 404 Not Found"
2026-03-03 15:29:50,293 | INFO | HTTP Request: GET https://datasets-server.huggingface.co/info?dataset=imdb "HTTP/1.1 404 Not Found"
2026-03-03 15:29:50,560 | INFO | HTTP Request: GET https://huggingface.co/api/datasets/imdb/tree/e6281661ce1c48d982bc483cf8a173c1bbeb5d31/plain_text?recursive=true&expand=false "HTTP/1.1 307 Temporary Redirect"
2026-03-03 15:29:50,827 | INFO | HTTP Request: GET https://huggingface.co/api/datasets/stanfordnlp/imdb/tree/e6281661ce1c48d982bc483cf8a173c1bbeb5d31/plain_text?recursive=true&expand=false "HTTP/1.1 200 OK"
2026-03-03 15:29:51,093 | INFO | HTTP Request: GET https://huggingface.co/api/datasets/imdb/tree/e6281661ce1c48d982bc483cf8a173c1bbeb5d31?recursive=false&expand=false "HTTP/1.1 307 Temporary Redirect"
2026-03-03 15:29:51,358 | INFO | HTTP Request: GET https://huggingface.co/api/datasets/stanfordnlp/imdb/tree/e6281661ce1c48d982bc483cf8a173c1bbeb5d31?recursive=false&expand=false "HTTP/1.1 200 OK"
2026-03-03 15:29:51,630 | INFO | HTTP Request: HEAD https://huggingface.co/datasets/imdb/resolve/e6281661ce1c48d982bc483cf8a173c1bbeb5d31/dataset_infos.json "HTTP/1.1 307 Temporary Redirect"
2026-03-03 15:29:51,893 | INFO | HTTP Request: HEAD https://huggingface.co/datasets/stanfordnlp/imdb/resolve/e6281661ce1c48d982bc483cf8a173c1bbeb5d31/dataset_infos.json "HTTP/1.1 404 Not Found"
2026-03-03 15:29:52,293 | INFO | HTTP Request: HEAD https://huggingface.co/datasets/imdb/resolve/e6281661ce1c48d982bc483cf8a173c1bbeb5d31/plain_text/train-00000-of-00001.parquet "HTTP/1.1 307 Temporary Redirect"
2026-03-03 15:29:52,559 | INFO | HTTP Request: HEAD https://huggingface.co/datasets/stanfordnlp/imdb/resolve/e6281661ce1c48d982bc483cf8a173c1bbeb5d31/plain_text/train-00000-of-00001.parquet "HTTP/1.1 302 Found"
2026-03-03 15:29:52,559 | WARNING | Warning: You are sending unauthenticated requests to the HF Hub. Please set a HF_TOKEN to enable higher rate limits and faster downloads.
2026-03-03 15:29:52,827 | INFO | HTTP Request: GET https://huggingface.co/api/datasets/stanfordnlp/imdb/xet-read-token/e6281661ce1c48d982bc483cf8a173c1bbeb5d31 "HTTP/1.1 200 OK"
2026-03-03 15:29:56,115 | INFO | HTTP Request: HEAD https://huggingface.co/datasets/imdb/resolve/e6281661ce1c48d982bc483cf8a173c1bbeb5d31/plain_text/test-00000-of-00001.parquet "HTTP/1.1 307 Temporary Redirect"
2026-03-03 15:29:56,376 | INFO | HTTP Request: HEAD https://huggingface.co/datasets/stanfordnlp/imdb/resolve/e6281661ce1c48d982bc483cf8a173c1bbeb5d31/plain_text/test-00000-of-00001.parquet "HTTP/1.1 302 Found"
2026-03-03 15:29:59,472 | INFO | HTTP Request: HEAD https://huggingface.co/datasets/imdb/resolve/e6281661ce1c48d982bc483cf8a173c1bbeb5d31/plain_text/unsupervised-00000-of-00001.parquet "HTTP/1.1 307 Temporary Redirect"
2026-03-03 15:29:59,726 | INFO | HTTP Request: HEAD https://huggingface.co/datasets/stanfordnlp/imdb/resolve/e6281661ce1c48d982bc483cf8a173c1bbeb5d31/plain_text/unsupervised-00000-of-00001.parquet "HTTP/1.1 302 Found"
2026-03-03 15:30:11,876 | INFO | Train: 22500 | Val: 2500 | Test: 25000
2026-03-03 15:30:12,673 | INFO | Vocabulary size: 20002
2026-03-03 15:30:14,396 | INFO | Parameters: 4,928,257
2026-03-03 15:36:27,151 | INFO | Epoch 01 | train_loss=0.5906 train_acc=0.6745 | val_loss=0.4896  val_acc=0.7764 | time=371.3s
2026-03-03 15:36:27,178 | INFO |   Checkpoint saved -> checkpoints/best_epoch01_acc0.7764.pt
2026-03-03 15:42:35,476 | INFO | Epoch 02 | train_loss=0.4622 train_acc=0.7854 | val_loss=0.3997  val_acc=0.8216 | time=368.3s
2026-03-03 15:42:35,493 | INFO |   Checkpoint saved -> checkpoints/best_epoch02_acc0.8216.pt
2026-03-03 15:48:38,719 | INFO | Epoch 03 | train_loss=0.4157 train_acc=0.8140 | val_loss=0.3770  val_acc=0.8376 | time=363.2s
2026-03-03 15:48:38,728 | INFO |   Checkpoint saved -> checkpoints/best_epoch03_acc0.8376.pt
2026-03-03 15:54:42,077 | INFO | Epoch 04 | train_loss=0.3655 train_acc=0.8402 | val_loss=0.3731  val_acc=0.8324 | time=363.3s
2026-03-03 16:00:44,988 | INFO | Epoch 05 | train_loss=0.3399 train_acc=0.8535 | val_loss=0.3245  val_acc=0.8592 | time=362.9s
2026-03-03 16:00:45,005 | INFO |   Checkpoint saved -> checkpoints/best_epoch05_acc0.8592.pt
2026-03-03 16:06:47,995 | INFO | Epoch 06 | train_loss=0.3109 train_acc=0.8682 | val_loss=0.3084  val_acc=0.8676 | time=363.0s
2026-03-03 16:06:48,012 | INFO |   Checkpoint saved -> checkpoints/best_epoch06_acc0.8676.pt
2026-03-03 16:12:50,820 | INFO | Epoch 07 | train_loss=0.2948 train_acc=0.8760 | val_loss=0.3475  val_acc=0.8576 | time=362.8s
2026-03-03 16:19:12,938 | INFO | Epoch 08 | train_loss=0.2749 train_acc=0.8852 | val_loss=0.3263  val_acc=0.8608 | time=382.1s
2026-03-03 16:25:15,871 | INFO | Epoch 09 | train_loss=0.2626 train_acc=0.8917 | val_loss=0.3302  val_acc=0.8800 | time=362.9s
2026-03-03 16:25:15,887 | INFO |   Checkpoint saved -> checkpoints/best_epoch09_acc0.8800.pt
2026-03-03 16:31:19,048 | INFO | Epoch 10 | train_loss=0.2474 train_acc=0.8996 | val_loss=0.3103  val_acc=0.8752 | time=363.2s
2026-03-03 16:33:14,024 | INFO | TEST | loss=0.3107 acc=0.8748
